<?xml version="1.0" encoding="UTF-8"?>
<coverage generated="1736300213434" clover="3.2.0">
  <project timestamp="1736300213434" name="All files">
    <metrics statements="58" coveredstatements="56" conditionals="18" coveredconditionals="15" methods="19" coveredmethods="18" elements="95" coveredelements="89" complexity="0" loc="58" ncloc="58" packages="2" files="7" classes="7"/>
    <package name="src">
      <metrics statements="22" coveredstatements="21" conditionals="2" coveredconditionals="1" methods="7" coveredmethods="6"/>
      <file name="App.jsx" path="/Users/sruthimavuleti/Documents/GitHub/meet/src/App.jsx">
        <metrics statements="15" coveredstatements="14" conditionals="2" coveredconditionals="1" methods="4" coveredmethods="3"/>
        <line num="8" count="2" type="stmt"/>
        <line num="9" count="15" type="stmt"/>
        <line num="10" count="14" type="stmt"/>
        <line num="11" count="14" type="stmt"/>
        <line num="12" count="14" type="stmt"/>
        <line num="13" count="14" type="stmt"/>
        <line num="15" count="14" type="stmt"/>
        <line num="16" count="8" type="stmt"/>
        <line num="19" count="14" type="stmt"/>
        <line num="20" count="8" type="stmt"/>
        <line num="21" count="8" type="cond" truecount="1" falsecount="1"/>
        <line num="23" count="0" type="stmt"/>
        <line num="25" count="8" type="stmt"/>
        <line num="26" count="8" type="stmt"/>
        <line num="29" count="14" type="stmt"/>
      </file>
      <file name="api.js" path="/Users/sruthimavuleti/Documents/GitHub/meet/src/api.js">
        <metrics statements="6" coveredstatements="6" conditionals="0" coveredconditionals="0" methods="3" coveredmethods="3"/>
        <line num="15" count="3" type="stmt"/>
        <line num="16" count="330" type="stmt"/>
        <line num="17" count="10" type="stmt"/>
        <line num="18" count="10" type="stmt"/>
        <line num="26" count="3" type="stmt"/>
        <line num="27" count="11" type="stmt"/>
      </file>
      <file name="mock-data.js" path="/Users/sruthimavuleti/Documents/GitHub/meet/src/mock-data.js">
        <metrics statements="1" coveredstatements="1" conditionals="0" coveredconditionals="0" methods="0" coveredmethods="0"/>
        <line num="2" count="4" type="stmt"/>
      </file>
    </package>
    <package name="src.components">
      <metrics statements="36" coveredstatements="35" conditionals="16" coveredconditionals="14" methods="12" coveredmethods="12"/>
      <file name="CitySearch.jsx" path="/Users/sruthimavuleti/Documents/GitHub/meet/src/components/CitySearch.jsx">
        <metrics statements="17" coveredstatements="17" conditionals="4" coveredconditionals="3" methods="6" coveredmethods="6"/>
        <line num="3" count="3" type="stmt"/>
        <line num="4" count="37" type="stmt"/>
        <line num="5" count="37" type="stmt"/>
        <line num="6" count="37" type="stmt"/>
        <line num="8" count="37" type="stmt"/>
        <line num="9" count="12" type="stmt"/>
        <line num="10" count="12" type="cond" truecount="1" falsecount="1"/>
        <line num="11" count="24" type="stmt"/>
        <line num="14" count="12" type="stmt"/>
        <line num="15" count="12" type="stmt"/>
        <line num="18" count="37" type="stmt"/>
        <line num="19" count="1" type="stmt"/>
        <line num="20" count="1" type="stmt"/>
        <line num="21" count="1" type="stmt"/>
        <line num="25" count="37" type="stmt"/>
        <line num="32" count="3" type="stmt"/>
        <line num="38" count="12" type="stmt"/>
      </file>
      <file name="Event.jsx" path="/Users/sruthimavuleti/Documents/GitHub/meet/src/components/Event.jsx">
        <metrics statements="4" coveredstatements="4" conditionals="4" coveredconditionals="4" methods="2" coveredmethods="2"/>
        <line num="3" count="3" type="stmt"/>
        <line num="4" count="183" type="stmt"/>
        <line num="6" count="183" type="stmt"/>
        <line num="20" count="3" type="stmt"/>
      </file>
      <file name="EventList.jsx" path="/Users/sruthimavuleti/Documents/GitHub/meet/src/components/EventList.jsx">
        <metrics statements="3" coveredstatements="3" conditionals="2" coveredconditionals="2" methods="2" coveredmethods="2"/>
        <line num="5" count="2" type="stmt"/>
        <line num="6" count="17" type="stmt"/>
        <line num="11" count="173" type="stmt"/>
      </file>
      <file name="NumberOfEvents.jsx" path="/Users/sruthimavuleti/Documents/GitHub/meet/src/components/NumberOfEvents.jsx">
        <metrics statements="12" coveredstatements="11" conditionals="6" coveredconditionals="5" methods="2" coveredmethods="2"/>
        <line num="4" count="3" type="stmt"/>
        <line num="5" count="21" type="stmt"/>
        <line num="7" count="21" type="stmt"/>
        <line num="8" count="7" type="stmt"/>
        <line num="9" count="7" type="stmt"/>
        <line num="10" count="7" type="cond" truecount="4" falsecount="0"/>
        <line num="11" count="2" type="stmt"/>
        <line num="12" count="5" type="cond" truecount="1" falsecount="1"/>
        <line num="13" count="0" type="stmt"/>
        <line num="15" count="5" type="stmt"/>
        <line num="16" count="5" type="stmt"/>
        <line num="20" count="21" type="stmt"/>
      </file>
    </package>
  </project>
</coverage>
