{"/Users/sruthimavuleti/Documents/GitHub/meet/src/App.jsx": {"path":"/Users/sruthimavuleti/Documents/GitHub/meet/src/App.jsx","statementMap":{"0":{"start":{"line":8,"column":12},"end":{"line":45,"column":1}},"1":{"start":{"line":9,"column":30},"end":{"line":9,"column":42}},"2":{"start":{"line":10,"column":38},"end":{"line":10,"column":50}},"3":{"start":{"line":11,"column":42},"end":{"line":11,"column":54}},"4":{"start":{"line":12,"column":40},"end":{"line":12,"column":66}},"5":{"start":{"line":13,"column":38},"end":{"line":13,"column":50}},"6":{"start":{"line":15,"column":2},"end":{"line":17,"column":32}},"7":{"start":{"line":16,"column":4},"end":{"line":16,"column":16}},"8":{"start":{"line":19,"column":20},"end":{"line":27,"column":3}},"9":{"start":{"line":20,"column":22},"end":{"line":20,"column":39}},"10":{"start":{"line":21,"column":27},"end":{"line":23,"column":65}},"11":{"start":{"line":23,"column":34},"end":{"line":23,"column":64}},"12":{"start":{"line":25,"column":4},"end":{"line":25,"column":51}},"13":{"start":{"line":26,"column":4},"end":{"line":26,"column":49}},"14":{"start":{"line":29,"column":2},"end":{"line":44,"column":4}}},"fnMap":{"0":{"name":"(anonymous_0)","decl":{"start":{"line":8,"column":12},"end":{"line":8,"column":13}},"loc":{"start":{"line":8,"column":18},"end":{"line":45,"column":1}},"line":8},"1":{"name":"(anonymous_1)","decl":{"start":{"line":15,"column":12},"end":{"line":15,"column":13}},"loc":{"start":{"line":15,"column":18},"end":{"line":17,"column":3}},"line":15},"2":{"name":"(anonymous_2)","decl":{"start":{"line":19,"column":20},"end":{"line":19,"column":21}},"loc":{"start":{"line":19,"column":32},"end":{"line":27,"column":3}},"line":19},"3":{"name":"(anonymous_3)","decl":{"start":{"line":23,"column":25},"end":{"line":23,"column":26}},"loc":{"start":{"line":23,"column":34},"end":{"line":23,"column":64}},"line":23}},"branchMap":{"0":{"loc":{"start":{"line":21,"column":27},"end":{"line":23,"column":65}},"type":"cond-expr","locations":[{"start":{"line":22,"column":8},"end":{"line":22,"column":17}},{"start":{"line":23,"column":8},"end":{"line":23,"column":65}}],"line":21}},"s":{"0":2,"1":15,"2":14,"3":14,"4":14,"5":14,"6":14,"7":8,"8":14,"9":8,"10":8,"11":0,"12":8,"13":8,"14":14},"f":{"0":15,"1":8,"2":8,"3":0},"b":{"0":[8,0]},"_coverageSchema":"1a1c01bbd47fc00a2c39e90264f33305004495a9","hash":"6efbeea0eb09051c0714d65b192a189148469a84"}
,"/Users/sruthimavuleti/Documents/GitHub/meet/src/api.js": {"path":"/Users/sruthimavuleti/Documents/GitHub/meet/src/api.js","statementMap":{"0":{"start":{"line":15,"column":32},"end":{"line":19,"column":1}},"1":{"start":{"line":16,"column":29},"end":{"line":16,"column":66}},"2":{"start":{"line":16,"column":51},"end":{"line":16,"column":65}},"3":{"start":{"line":17,"column":20},"end":{"line":17,"column":52}},"4":{"start":{"line":18,"column":2},"end":{"line":18,"column":19}},"5":{"start":{"line":26,"column":25},"end":{"line":28,"column":1}},"6":{"start":{"line":27,"column":2},"end":{"line":27,"column":18}}},"fnMap":{"0":{"name":"(anonymous_0)","decl":{"start":{"line":15,"column":32},"end":{"line":15,"column":33}},"loc":{"start":{"line":15,"column":44},"end":{"line":19,"column":1}},"line":15},"1":{"name":"(anonymous_1)","decl":{"start":{"line":16,"column":40},"end":{"line":16,"column":41}},"loc":{"start":{"line":16,"column":51},"end":{"line":16,"column":65}},"line":16},"2":{"name":"(anonymous_2)","decl":{"start":{"line":26,"column":25},"end":{"line":26,"column":26}},"loc":{"start":{"line":26,"column":37},"end":{"line":28,"column":1}},"line":26}},"branchMap":{},"s":{"0":3,"1":10,"2":330,"3":10,"4":10,"5":3,"6":11},"f":{"0":10,"1":330,"2":11},"b":{},"_coverageSchema":"1a1c01bbd47fc00a2c39e90264f33305004495a9","hash":"cbe3655c337ddaf0a5fcf81e44d45679e450fee8"}
,"/Users/sruthimavuleti/Documents/GitHub/meet/src/mock-data.js": {"path":"/Users/sruthimavuleti/Documents/GitHub/meet/src/mock-data.js","statementMap":{"0":{"start":{"line":2,"column":17},"end":{"line":1290,"column":4}}},"fnMap":{},"branchMap":{},"s":{"0":4},"f":{},"b":{},"_coverageSchema":"1a1c01bbd47fc00a2c39e90264f33305004495a9","hash":"c82a18a1ec99ca3f1bbd3f449e16b49ae8335287"}
,"/Users/sruthimavuleti/Documents/GitHub/meet/src/components/CitySearch.jsx": {"path":"/Users/sruthimavuleti/Documents/GitHub/meet/src/components/CitySearch.jsx","statementMap":{"0":{"start":{"line":3,"column":19},"end":{"line":48,"column":1}},"1":{"start":{"line":4,"column":48},"end":{"line":4,"column":63}},"2":{"start":{"line":5,"column":28},"end":{"line":5,"column":40}},"3":{"start":{"line":6,"column":40},"end":{"line":6,"column":52}},"4":{"start":{"line":8,"column":29},"end":{"line":16,"column":3}},"5":{"start":{"line":9,"column":18},"end":{"line":9,"column":36}},"6":{"start":{"line":10,"column":30},"end":{"line":12,"column":11}},"7":{"start":{"line":11,"column":6},"end":{"line":11,"column":70}},"8":{"start":{"line":14,"column":4},"end":{"line":14,"column":20}},"9":{"start":{"line":15,"column":4},"end":{"line":15,"column":38}},"10":{"start":{"line":18,"column":28},"end":{"line":22,"column":3}},"11":{"start":{"line":19,"column":18},"end":{"line":19,"column":42}},"12":{"start":{"line":20,"column":4},"end":{"line":20,"column":20}},"13":{"start":{"line":21,"column":4},"end":{"line":21,"column":30}},"14":{"start":{"line":25,"column":2},"end":{"line":47,"column":3}},"15":{"start":{"line":32,"column":23},"end":{"line":32,"column":47}},"16":{"start":{"line":38,"column":12},"end":{"line":38,"column":85}}},"fnMap":{"0":{"name":"(anonymous_0)","decl":{"start":{"line":3,"column":19},"end":{"line":3,"column":20}},"loc":{"start":{"line":3,"column":41},"end":{"line":48,"column":1}},"line":3},"1":{"name":"(anonymous_1)","decl":{"start":{"line":8,"column":29},"end":{"line":8,"column":30}},"loc":{"start":{"line":8,"column":40},"end":{"line":16,"column":3}},"line":8},"2":{"name":"(anonymous_2)","decl":{"start":{"line":10,"column":65},"end":{"line":10,"column":66}},"loc":{"start":{"line":10,"column":79},"end":{"line":12,"column":5}},"line":10},"3":{"name":"(anonymous_3)","decl":{"start":{"line":18,"column":28},"end":{"line":18,"column":29}},"loc":{"start":{"line":18,"column":39},"end":{"line":22,"column":3}},"line":18},"4":{"name":"(anonymous_4)","decl":{"start":{"line":32,"column":17},"end":{"line":32,"column":18}},"loc":{"start":{"line":32,"column":23},"end":{"line":32,"column":47}},"line":32},"5":{"name":"(anonymous_5)","decl":{"start":{"line":37,"column":27},"end":{"line":37,"column":28}},"loc":{"start":{"line":37,"column":43},"end":{"line":39,"column":11}},"line":37}},"branchMap":{"0":{"loc":{"start":{"line":10,"column":30},"end":{"line":12,"column":11}},"type":"cond-expr","locations":[{"start":{"line":10,"column":45},"end":{"line":12,"column":6}},{"start":{"line":12,"column":9},"end":{"line":12,"column":11}}],"line":10},"1":{"loc":{"start":{"line":35,"column":7},"end":{"line":44,"column":14}},"type":"cond-expr","locations":[{"start":{"line":36,"column":8},"end":{"line":43,"column":13}},{"start":{"line":44,"column":10},"end":{"line":44,"column":14}}],"line":35}},"s":{"0":3,"1":37,"2":37,"3":37,"4":37,"5":12,"6":12,"7":24,"8":12,"9":12,"10":37,"11":1,"12":1,"13":1,"14":37,"15":3,"16":12},"f":{"0":37,"1":12,"2":24,"3":1,"4":3,"5":12},"b":{"0":[12,0],"1":[15,22]},"_coverageSchema":"1a1c01bbd47fc00a2c39e90264f33305004495a9","hash":"d83c9e7acf75da199acd89da197d82c74e8ce315"}
,"/Users/sruthimavuleti/Documents/GitHub/meet/src/components/Event.jsx": {"path":"/Users/sruthimavuleti/Documents/GitHub/meet/src/components/Event.jsx","statementMap":{"0":{"start":{"line":3,"column":14},"end":{"line":26,"column":1}},"1":{"start":{"line":4,"column":42},"end":{"line":4,"column":57}},"2":{"start":{"line":6,"column":4},"end":{"line":25,"column":6}},"3":{"start":{"line":20,"column":31},"end":{"line":20,"column":59}}},"fnMap":{"0":{"name":"(anonymous_0)","decl":{"start":{"line":3,"column":14},"end":{"line":3,"column":15}},"loc":{"start":{"line":3,"column":29},"end":{"line":26,"column":1}},"line":3},"1":{"name":"(anonymous_1)","decl":{"start":{"line":20,"column":25},"end":{"line":20,"column":26}},"loc":{"start":{"line":20,"column":31},"end":{"line":20,"column":59}},"line":20}},"branchMap":{"0":{"loc":{"start":{"line":13,"column":13},"end":{"line":17,"column":20}},"type":"cond-expr","locations":[{"start":{"line":14,"column":16},"end":{"line":16,"column":22}},{"start":{"line":17,"column":16},"end":{"line":17,"column":20}}],"line":13},"1":{"loc":{"start":{"line":22,"column":17},"end":{"line":22,"column":62}},"type":"cond-expr","locations":[{"start":{"line":22,"column":31},"end":{"line":22,"column":45}},{"start":{"line":22,"column":48},"end":{"line":22,"column":62}}],"line":22}},"s":{"0":3,"1":183,"2":183,"3":3},"f":{"0":183,"1":3},"b":{"0":[2,181],"1":[2,181]},"_coverageSchema":"1a1c01bbd47fc00a2c39e90264f33305004495a9","hash":"8b94f3345491802e8dbd3d49ed7e472d01187826"}
,"/Users/sruthimavuleti/Documents/GitHub/meet/src/components/EventList.jsx": {"path":"/Users/sruthimavuleti/Documents/GitHub/meet/src/components/EventList.jsx","statementMap":{"0":{"start":{"line":5,"column":18},"end":{"line":16,"column":1}},"1":{"start":{"line":6,"column":2},"end":{"line":15,"column":4}},"2":{"start":{"line":11,"column":10},"end":{"line":11,"column":48}}},"fnMap":{"0":{"name":"(anonymous_0)","decl":{"start":{"line":5,"column":18},"end":{"line":5,"column":19}},"loc":{"start":{"line":5,"column":32},"end":{"line":16,"column":1}},"line":5},"1":{"name":"(anonymous_1)","decl":{"start":{"line":9,"column":19},"end":{"line":9,"column":20}},"loc":{"start":{"line":11,"column":10},"end":{"line":11,"column":48}},"line":11}},"branchMap":{"0":{"loc":{"start":{"line":8,"column":9},"end":{"line":13,"column":14}},"type":"cond-expr","locations":[{"start":{"line":9,"column":8},"end":{"line":12,"column":10}},{"start":{"line":13,"column":10},"end":{"line":13,"column":14}}],"line":8}},"s":{"0":2,"1":17,"2":173},"f":{"0":17,"1":173},"b":{"0":[15,2]},"_coverageSchema":"1a1c01bbd47fc00a2c39e90264f33305004495a9","hash":"0b88ecf34b1af8df58ab5e3ed79d5c0970cb3af2"}
,"/Users/sruthimavuleti/Documents/GitHub/meet/src/components/NumberOfEvents.jsx": {"path":"/Users/sruthimavuleti/Documents/GitHub/meet/src/components/NumberOfEvents.jsx","statementMap":{"0":{"start":{"line":4,"column":23},"end":{"line":33,"column":1}},"1":{"start":{"line":5,"column":32},"end":{"line":5,"column":52}},"2":{"start":{"line":7,"column":31},"end":{"line":18,"column":5}},"3":{"start":{"line":8,"column":22},"end":{"line":8,"column":40}},"4":{"start":{"line":9,"column":8},"end":{"line":9,"column":24}},"5":{"start":{"line":10,"column":8},"end":{"line":17,"column":9}},"6":{"start":{"line":11,"column":12},"end":{"line":11,"column":50}},"7":{"start":{"line":12,"column":15},"end":{"line":17,"column":9}},"8":{"start":{"line":13,"column":12},"end":{"line":13,"column":59}},"9":{"start":{"line":15,"column":12},"end":{"line":15,"column":30}},"10":{"start":{"line":16,"column":12},"end":{"line":16,"column":33}},"11":{"start":{"line":20,"column":4},"end":{"line":32,"column":5}}},"fnMap":{"0":{"name":"(anonymous_0)","decl":{"start":{"line":4,"column":23},"end":{"line":4,"column":24}},"loc":{"start":{"line":4,"column":73},"end":{"line":33,"column":1}},"line":4},"1":{"name":"(anonymous_1)","decl":{"start":{"line":7,"column":31},"end":{"line":7,"column":32}},"loc":{"start":{"line":7,"column":42},"end":{"line":18,"column":5}},"line":7}},"branchMap":{"0":{"loc":{"start":{"line":10,"column":8},"end":{"line":17,"column":9}},"type":"if","locations":[{"start":{"line":10,"column":8},"end":{"line":17,"column":9}},{"start":{"line":12,"column":15},"end":{"line":17,"column":9}}],"line":10},"1":{"loc":{"start":{"line":10,"column":11},"end":{"line":10,"column":37}},"type":"binary-expr","locations":[{"start":{"line":10,"column":11},"end":{"line":10,"column":23}},{"start":{"line":10,"column":27},"end":{"line":10,"column":37}}],"line":10},"2":{"loc":{"start":{"line":12,"column":15},"end":{"line":17,"column":9}},"type":"if","locations":[{"start":{"line":12,"column":15},"end":{"line":17,"column":9}},{"start":{"line":14,"column":15},"end":{"line":17,"column":9}}],"line":12}},"s":{"0":3,"1":21,"2":21,"3":7,"4":7,"5":7,"6":2,"7":5,"8":0,"9":5,"10":5,"11":21},"f":{"0":21,"1":7},"b":{"0":[2,5],"1":[7,7],"2":[0,5]},"_coverageSchema":"1a1c01bbd47fc00a2c39e90264f33305004495a9","hash":"cfd84d50f7a62ed5732f30da7559748bb9c26239"}
}
