TN:
SF:src/App.jsx
FN:8,(anonymous_0)
FN:15,(anonymous_1)
FN:19,(anonymous_2)
FN:23,(anonymous_3)
FNF:4
FNH:3
FNDA:15,(anonymous_0)
FNDA:8,(anonymous_1)
FNDA:8,(anonymous_2)
FNDA:0,(anonymous_3)
DA:8,2
DA:9,15
DA:10,14
DA:11,14
DA:12,14
DA:13,14
DA:15,14
DA:16,8
DA:19,14
DA:20,8
DA:21,8
DA:23,0
DA:25,8
DA:26,8
DA:29,14
LF:15
LH:14
BRDA:21,0,0,8
BRDA:21,0,1,0
BRF:2
BRH:1
end_of_record
TN:
SF:src/api.js
FN:15,(anonymous_0)
FN:16,(anonymous_1)
FN:26,(anonymous_2)
FNF:3
FNH:3
FNDA:10,(anonymous_0)
FNDA:330,(anonymous_1)
FNDA:11,(anonymous_2)
DA:15,3
DA:16,330
DA:17,10
DA:18,10
DA:26,3
DA:27,11
LF:6
LH:6
BRF:0
BRH:0
end_of_record
TN:
SF:src/mock-data.js
FNF:0
FNH:0
DA:2,4
LF:1
LH:1
BRF:0
BRH:0
end_of_record
TN:
SF:src/components/CitySearch.jsx
FN:3,(anonymous_0)
FN:8,(anonymous_1)
FN:10,(anonymous_2)
FN:18,(anonymous_3)
FN:32,(anonymous_4)
FN:37,(anonymous_5)
FNF:6
FNH:6
FNDA:37,(anonymous_0)
FNDA:12,(anonymous_1)
FNDA:24,(anonymous_2)
FNDA:1,(anonymous_3)
FNDA:3,(anonymous_4)
FNDA:12,(anonymous_5)
DA:3,3
DA:4,37
DA:5,37
DA:6,37
DA:8,37
DA:9,12
DA:10,12
DA:11,24
DA:14,12
DA:15,12
DA:18,37
DA:19,1
DA:20,1
DA:21,1
DA:25,37
DA:32,3
DA:38,12
LF:17
LH:17
BRDA:10,0,0,12
BRDA:10,0,1,0
BRDA:35,1,0,15
BRDA:35,1,1,22
BRF:4
BRH:3
end_of_record
TN:
SF:src/components/Event.jsx
FN:3,(anonymous_0)
FN:20,(anonymous_1)
FNF:2
FNH:2
FNDA:183,(anonymous_0)
FNDA:3,(anonymous_1)
DA:3,3
DA:4,183
DA:6,183
DA:20,3
LF:4
LH:4
BRDA:13,0,0,2
BRDA:13,0,1,181
BRDA:22,1,0,2
BRDA:22,1,1,181
BRF:4
BRH:4
end_of_record
TN:
SF:src/components/EventList.jsx
FN:5,(anonymous_0)
FN:9,(anonymous_1)
FNF:2
FNH:2
FNDA:17,(anonymous_0)
FNDA:173,(anonymous_1)
DA:5,2
DA:6,17
DA:11,173
LF:3
LH:3
BRDA:8,0,0,15
BRDA:8,0,1,2
BRF:2
BRH:2
end_of_record
TN:
SF:src/components/NumberOfEvents.jsx
FN:4,(anonymous_0)
FN:7,(anonymous_1)
FNF:2
FNH:2
FNDA:21,(anonymous_0)
FNDA:7,(anonymous_1)
DA:4,3
DA:5,21
DA:7,21
DA:8,7
DA:9,7
DA:10,7
DA:11,2
DA:12,5
DA:13,0
DA:15,5
DA:16,5
DA:20,21
LF:12
LH:11
BRDA:10,0,0,2
BRDA:10,0,1,5
BRDA:10,1,0,7
BRDA:10,1,1,7
BRDA:12,2,0,0
BRDA:12,2,1,5
BRF:6
BRH:5
end_of_record
